Android studio/SmartGarden/app/build/intermediates/manifest_merge_blame_file/debug/manifest-merger-blame-debug-report.txt
1<?xml version="1.0" encoding="utf-8"?>
2<manifest xmlns:android="http://schemas.android.com/apk/res/android"
3    package="com.example.smartGarden"
4    android:versionCode="1"
5    android:versionName="1.0" >
6
7    <uses-sdk
8        android:minSdkVersion="26"
8-->src\main\AndroidManifest.xml
9        android:targetSdkVersion="32" />
9-->src\main\AndroidManifest.xml
10
11    <!-- Permissions -->
12    <uses-permission android:name="android.permission.BLUETOOTH_CONNECT" />
12-->src\main\AndroidManifest.xml:7:5-75
12-->src\main\AndroidManifest.xml:7:22-73
13    <uses-permission android:name="android.permission.BLUETOOTH_SCAN" />
13-->src\main\AndroidManifest.xml:8:5-72
13-->src\main\AndroidManifest.xml:8:22-70
14    <uses-permission android:name="android.permission.BLUETOOTH" />
14-->src\main\AndroidManifest.xml:10:5-67
14-->src\main\AndroidManifest.xml:10:22-65
15    <uses-permission android:name="android.permission.BLUETOOTH_ADMIN" />
15-->src\main\AndroidManifest.xml:11:5-73
15-->src\main\AndroidManifest.xml:11:22-71
16    <uses-permission android:name="android.permission.ACCESS_FINE_LOCATION" />
16-->src\main\AndroidManifest.xml:12:5-78
16-->src\main\AndroidManifest.xml:12:22-76
17    <uses-permission android:name="android.permission.ACCESS_COARSE_LOCATION" />
17-->src\main\AndroidManifest.xml:13:5-80
17-->src\main\AndroidManifest.xml:13:22-78
18    <uses-permission android:name="android.permission.ACCESS_BACKGROUND_LOCATION" />
18-->src\main\AndroidManifest.xml:14:5-84
18-->src\main\AndroidManifest.xml:14:22-82
19    <uses-permission android:name="android.permission.INTERNET" />
19-->src\main\AndroidManifest.xml:16:5-66
19-->src\main\AndroidManifest.xml:16:22-64
20    <uses-permission android:name="android.permission.ACCESS_NETWORK_STATE" />
20-->src\main\AndroidManifest.xml:17:5-78
20-->src\main\AndroidManifest.xml:17:22-76
21
22    <application
22-->src\main\AndroidManifest.xml:19:5-38:19
23        android:allowBackup="true"
23-->src\main\AndroidManifest.xml:20:9-35
24        android:appComponentFactory="androidx.core.app.CoreComponentFactory"
24-->[androidx.core:core:1.8.0] AndroidManifest.xml:24:18-86
25        android:dataExtractionRules="@xml/data_extraction_rules"
25-->src\main\AndroidManifest.xml:21:9-65
26        android:debuggable="true"
27        android:extractNativeLibs="false"
28        android:fullBackupContent="@xml/backup_rules"
28-->src\main\AndroidManifest.xml:22:9-54
29        android:icon="@drawable/applogomodified"
29-->src\main\AndroidManifest.xml:23:9-49
30        android:label="@string/app_name"
30-->src\main\AndroidManifest.xml:24:9-41
31        android:roundIcon="@drawable/applogomodified"
31-->src\main\AndroidManifest.xml:25:9-54
32        android:supportsRtl="true"
32-->src\main\AndroidManifest.xml:26:9-35
33        android:testOnly="true"
34        android:theme="@style/Theme.SmartGarden" >
34-->src\main\AndroidManifest.xml:27:9-49
35        <activity
35-->src\main\AndroidManifest.xml:29:9-37:20
36            android:name="com.example.smartgarden.MainActivity"
36-->src\main\AndroidManifest.xml:30:13-41
37            android:exported="true" >
37-->src\main\AndroidManifest.xml:31:13-36
38            <intent-filter>
38-->src\main\AndroidManifest.xml:32:13-36:29
39                <action android:name="android.intent.action.MAIN" />
39-->src\main\AndroidManifest.xml:33:17-69
39-->src\main\AndroidManifest.xml:33:25-66
40
41                <category android:name="android.intent.category.LAUNCHER" />
41-->src\main\AndroidManifest.xml:35:17-77
41-->src\main\AndroidManifest.xml:35:27-74
42            </intent-filter>
43        </activity>
44
45        <uses-library
45-->[androidx.window:window:1.0.0] AndroidManifest.xml:25:9-27:40
46            android:name="androidx.window.extensions"
46-->[androidx.window:window:1.0.0] AndroidManifest.xml:26:13-54
47            android:required="false" />
47-->[androidx.window:window:1.0.0] AndroidManifest.xml:27:13-37
48        <uses-library
48-->[androidx.window:window:1.0.0] AndroidManifest.xml:28:9-30:40
49            android:name="androidx.window.sidecar"
49-->[androidx.window:window:1.0.0] AndroidManifest.xml:29:13-51
50            android:required="false" />
50-->[androidx.window:window:1.0.0] AndroidManifest.xml:30:13-37
51
52        <service
52-->[androidx.room:room-runtime:2.4.3] AndroidManifest.xml:25:9-28:40
53            android:name="androidx.room.MultiInstanceInvalidationService"
53-->[androidx.room:room-runtime:2.4.3] AndroidManifest.xml:26:13-74
54            android:directBootAware="true"
54-->[androidx.room:room-runtime:2.4.3] AndroidManifest.xml:27:13-43
55            android:exported="false" />
55-->[androidx.room:room-runtime:2.4.3] AndroidManifest.xml:28:13-37
56        <service
56-->[com.google.android.datatransport:transport-runtime:3.0.1] AndroidManifest.xml:26:9-30:19
57            android:name="com.google.android.datatransport.runtime.scheduling.jobscheduling.JobInfoSchedulerService"
57-->[com.google.android.datatransport:transport-runtime:3.0.1] AndroidManifest.xml:27:13-117
58            android:exported="false"
58-->[com.google.android.datatransport:transport-runtime:3.0.1] AndroidManifest.xml:28:13-37
59            android:permission="android.permission.BIND_JOB_SERVICE" >
59-->[com.google.android.datatransport:transport-runtime:3.0.1] AndroidManifest.xml:29:13-69
60        </service>
61
62        <receiver
62-->[com.google.android.datatransport:transport-runtime:3.0.1] AndroidManifest.xml:32:9-34:40
63            android:name="com.google.android.datatransport.runtime.scheduling.jobscheduling.AlarmManagerSchedulerBroadcastReceiver"
63-->[com.google.android.datatransport:transport-runtime:3.0.1] AndroidManifest.xml:33:13-132
64            android:exported="false" />
64-->[com.google.android.datatransport:transport-runtime:3.0.1] AndroidManifest.xml:34:13-37
65
66        <service
66-->[com.google.android.datatransport:transport-runtime:3.0.1] AndroidManifest.xml:36:9-38:40
67            android:name="com.google.android.datatransport.runtime.backends.TransportBackendDiscovery"
67-->[com.google.android.datatransport:transport-runtime:3.0.1] AndroidManifest.xml:37:13-103
68            android:exported="false" />
68-->[com.google.android.datatransport:transport-runtime:3.0.1] AndroidManifest.xml:38:13-37
69
70        <provider
70-->[androidx.emoji2:emoji2:1.2.0] AndroidManifest.xml:24:9-32:20
71            android:name="androidx.startup.InitializationProvider"
71-->[androidx.emoji2:emoji2:1.2.0] AndroidManifest.xml:25:13-67
72            android:authorities="com.example.smartGarden.androidx-startup"
72-->[androidx.emoji2:emoji2:1.2.0] AndroidManifest.xml:26:13-68
73            android:exported="false" >
73-->[androidx.emoji2:emoji2:1.2.0] AndroidManifest.xml:27:13-37
74            <meta-data
74-->[androidx.emoji2:emoji2:1.2.0] AndroidManifest.xml:29:13-31:52
75                android:name="androidx.emoji2.text.EmojiCompatInitializer"
75-->[androidx.emoji2:emoji2:1.2.0] AndroidManifest.xml:30:17-75
76                android:value="androidx.startup" />
76-->[androidx.emoji2:emoji2:1.2.0] AndroidManifest.xml:31:17-49
77            <meta-data
77-->[androidx.lifecycle:lifecycle-process:2.4.1] AndroidManifest.xml:31:13-33:52
78                android:name="androidx.lifecycle.ProcessLifecycleInitializer"
78-->[androidx.lifecycle:lifecycle-process:2.4.1] AndroidManifest.xml:32:17-78
79                android:value="androidx.startup" />
79-->[androidx.lifecycle:lifecycle-process:2.4.1] AndroidManifest.xml:33:17-49
80        </provider>
81    </application>
82
83</manifest>